<?xml version="1.0" encoding="UTF-8"?>
<testsuite errors="0" failures="0" name="App Login" skipped="0" tests="5" time="99.745097">
<testcase classname="App Login" name="Invalid Login credentials" time="23.739670">
  <system-out/>
  <system-err/>
</testcase>
<testcase classname="App Login" name="Enter Username without the Password" time="25.998747">
  <system-out/>
  <system-err/>
</testcase>
<testcase classname="App Login" name="Enter valid login credentials" time="22.603696">
  <system-out/>
  <system-err/>
</testcase>
<testcase classname="App Login" name="Unnamed scenario" time="14.472426">
  <system-out/>
  <system-err/>
</testcase>
<testcase classname="App Login" name="New User registration" time="12.930558">
  <system-out/>
  <system-err/>
</testcase>
  <system-out>
    <![CDATA[Geocoder: HTTP request being made for http://maps.googleapis.com/maps/api/geocode/json?address=Tower+of+London&language=en&sensor=false
Geocoder: HTTP request being made for http://maps.googleapis.com/maps/api/geocode/json?address=Tower+of+London&language=en&sensor=false
Geocoder: HTTP request being made for http://maps.googleapis.com/maps/api/geocode/json?address=Tower+of+London&language=en&sensor=false
]]>
  </system-out>
  <system-err>
    <![CDATA[]]>
  </system-err>
</testsuite>
